<?xml version="1.0" encoding="UTF-8"?>
<!-- Generated by org.testng.reporters.JUnitXMLReporter -->
<testsuite ignored="0" hostname="E4ML24193" failures="0" tests="4" name="SmokeTests" time="67.959" errors="0" timestamp="31 Mar 2019 18:18:15 GMT">
  <testcase classname="tests.VerifySignOff" name="CreateAccount" time="11.669"/>
  <testcase classname="tests.VerifyHomepageLinks" name="VerifyDashBoard" time="5.412"/>
  <testcase classname="tests.RegisterNewTours" name="CreateAccount" time="4.088"/>
  <testcase classname="tests.VerifySignIn" name="CreateAccount" time="13.727"/>
</testsuite> <!-- SmokeTests -->
